\BOOKMARK [1][-]{section.1}{Course Description}{}% 1
\BOOKMARK [2][-]{subsection.1.1}{Class Time and Location}{section.1}% 2
\BOOKMARK [2][-]{subsection.1.2}{Instructor}{section.1}% 3
\BOOKMARK [2][-]{subsection.1.3}{Recommended Texts}{section.1}% 4
\BOOKMARK [1][-]{section.2}{Mode of Instruction}{}% 5
\BOOKMARK [1][-]{section.3}{Contingency Statement}{}% 6
\BOOKMARK [1][-]{section.4}{Course Materials}{}% 7
\BOOKMARK [1][-]{section.5}{Learning Objective}{}% 8
\BOOKMARK [1][-]{section.6}{Attendance Policy}{}% 9
\BOOKMARK [1][-]{section.7}{Course Assessment}{}% 10
\BOOKMARK [2][-]{subsection.7.1}{Participation and Engagement}{section.7}% 11
\BOOKMARK [2][-]{subsection.7.2}{Mini-quizzes}{section.7}% 12
\BOOKMARK [2][-]{subsection.7.3}{Classical literature feedback}{section.7}% 13
\BOOKMARK [2][-]{subsection.7.4}{Recent literature article lead}{section.7}% 14
\BOOKMARK [2][-]{subsection.7.5}{Recent literature article feedback}{section.7}% 15
\BOOKMARK [2][-]{subsection.7.6}{Literature Review}{section.7}% 16
\BOOKMARK [1][-]{section.8}{Grading}{}% 17
\BOOKMARK [1][-]{section.9}{Grading Scale}{}% 18
\BOOKMARK [1][-]{section.10}{Missing In-class Activities}{}% 19
\BOOKMARK [2][-]{subsection.10.1}{Illness Based Absence Policy}{section.10}% 20
\BOOKMARK [1][-]{section.11}{TTU COVID-19 Policy Reminders}{}% 21
\BOOKMARK [1][-]{section.12}{Special Considerations}{}% 22
\BOOKMARK [2][-]{subsection.12.1}{Disabling Condition}{section.12}% 23
\BOOKMARK [2][-]{subsection.12.2}{Religious Holy Days}{section.12}% 24
\BOOKMARK [1][-]{section.13}{Academic Integrity}{}% 25
\BOOKMARK [1][-]{section.14}{TTU Resources for Discrimination, Harassment, and Sexual Violence}{}% 26
\BOOKMARK [1][-]{section.15}{LGBTQIA}{}% 27
\BOOKMARK [1][-]{section.16}{Online Classroom Civility}{}% 28
\BOOKMARK [1][-]{section.17}{Creating Livable Futures}{}% 29
